[debug] [2023-08-20T04:42:47.381Z] ----------------------------------------------------------------------
[debug] [2023-08-20T04:42:47.383Z] Command:       C:\Program Files\nodejs\node.exe C:\Users\brian\AppData\Roaming\npm\node_modules\firebase-tools\lib\bin\firebase.js init
[debug] [2023-08-20T04:42:47.383Z] CLI Version:   12.4.8
[debug] [2023-08-20T04:42:47.383Z] Platform:      win32
[debug] [2023-08-20T04:42:47.384Z] Node Version:  v18.16.1
[debug] [2023-08-20T04:42:47.384Z] Time:          Sat Aug 19 2023 23:42:47 GMT-0500 (Central Daylight Time)
[debug] [2023-08-20T04:42:47.384Z] ----------------------------------------------------------------------
[debug] 
[debug] [2023-08-20T04:42:47.390Z] > command requires scopes: ["email","openid","https://www.googleapis.com/auth/cloudplatformprojects.readonly","https://www.googleapis.com/auth/firebase","https://www.googleapis.com/auth/cloud-platform"]
[debug] [2023-08-20T04:42:47.391Z] > authorizing via signed-in user (brian.favour@gmail.com)
[info] 
     ######## #### ########  ######## ########     ###     ######  ########
     ##        ##  ##     ## ##       ##     ##  ##   ##  ##       ##
     ######    ##  ########  ######   ########  #########  ######  ######
     ##        ##  ##    ##  ##       ##     ## ##     ##       ## ##
     ##       #### ##     ## ######## ########  ##     ##  ######  ########

You're about to initialize a Firebase project in this directory:

  C:\Users\brian\Code\Study_associate_coming_soon

[info] 
=== Project Setup
[info] 
[info] First, let's associate this project directory with a Firebase project.
[info] You can create multiple project aliases by running firebase use --add, 
[info] but for now we'll just set up a default project.
[info] 
[debug] [2023-08-20T04:44:24.022Z] >>> [apiv2][query] GET https://firebase.googleapis.com/v1beta1/projects pageSize=100
[debug] [2023-08-20T04:44:24.416Z] <<< [apiv2][status] GET https://firebase.googleapis.com/v1beta1/projects 200
[debug] [2023-08-20T04:44:24.416Z] <<< [apiv2][body] GET https://firebase.googleapis.com/v1beta1/projects [omitted]
[info] i  Using project studyassociate-2907b (StudyAssociate) 
[info] 
=== Hosting Setup
[info] 
[info] Your public directory is the folder (relative to your project directory) that
[info] will contain Hosting assets to be uploaded with firebase deploy. If you
[info] have a build process for your assets, use your build's output directory.
[info] 
[info] +  Wrote public/404.html 
[debug] [2023-08-20T04:45:31.747Z] >>> [apiv2][query] GET https://www.gstatic.com/firebasejs/releases.json [none]
[debug] [2023-08-20T04:45:31.911Z] <<< [apiv2][status] GET https://www.gstatic.com/firebasejs/releases.json 200
[debug] [2023-08-20T04:45:31.911Z] <<< [apiv2][body] GET https://www.gstatic.com/firebasejs/releases.json {"current":{"version":"10.2.0","browserURL":"https://www.gstatic.com/firebasejs/10.2.0/firebase.js","packageURL":"https://www.gstatic.com/firebasejs/10.2.0/firebase.tgz"},"live":{"version":"10.2","browserURL":"https://www.gstatic.com/firebasejs/live/10.2/firebase.js","packageURL":"https://www.gstatic.com/firebasejs/live/10.2/firebase.tgz"},"components":{"analytics":"https://www.gstatic.com/firebasejs/10.2.0/firebase-analytics.js","app":"https://www.gstatic.com/firebasejs/10.2.0/firebase-app.js","app-check":"https://www.gstatic.com/firebasejs/10.2.0/firebase-app-check.js","auth":"https://www.gstatic.com/firebasejs/10.2.0/firebase-auth.js","auth/cordova":"https://www.gstatic.com/firebasejs/10.2.0/firebase-auth/cordova.js","functions":"https://www.gstatic.com/firebasejs/10.2.0/firebase-functions.js","firestore":"https://www.gstatic.com/firebasejs/10.2.0/firebase-firestore.js","firestore/lite":"https://www.gstatic.com/firebasejs/10.2.0/firebase-firestore/lite.js","installations":"https://www.gstatic.com/firebasejs/10.2.0/firebase-installations.js","storage":"https://www.gstatic.com/firebasejs/10.2.0/firebase-storage.js","performance":"https://www.gstatic.com/firebasejs/10.2.0/firebase-performance.js","remote-config":"https://www.gstatic.com/firebasejs/10.2.0/firebase-remote-config.js","messaging":"https://www.gstatic.com/firebasejs/10.2.0/firebase-messaging.js","messaging/sw":"https://www.gstatic.com/firebasejs/10.2.0/firebase-messaging/sw.js","database":"https://www.gstatic.com/firebasejs/10.2.0/firebase-database.js","firestore.memory":"https://www.gstatic.com/firebasejs/10.2.0/firebase-firestore.memory.js"}}
[info] +  Wrote public/index.html 
[info] 
[info] i  Didn't detect a .git folder. Assuming C:\Users\brian\Code\Study_associate_coming_soon is the project root. 
[info] i  Authorizing with GitHub to upload your service account to a GitHub repository's secrets store. 
[info] 
[info] Visit this URL on this device to log in:
[info] https://github.com/login/oauth/authorize?client_id=89cf50f02ac6aaed3484&state=716623669&redirect_uri=http%3A%2F%2Flocalhost%3A9005&scope=read%3Auser%20repo%20public_repo
[info] 
[info] Waiting for authentication...
[debug] [2023-08-20T04:46:04.412Z] >>> [apiv2][query] POST https://github.com/login/oauth/access_token [none]
[debug] [2023-08-20T04:46:04.412Z] >>> [apiv2][body] POST https://github.com/login/oauth/access_token [stream]
[debug] [2023-08-20T04:46:04.666Z] <<< [apiv2][status] POST https://github.com/login/oauth/access_token 200
[debug] [2023-08-20T04:46:04.666Z] <<< [apiv2][body] POST https://github.com/login/oauth/access_token {"access_token":"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","token_type":"bearer","scope":"read:user,repo"}
[debug] [2023-08-20T04:46:04.673Z] >>> [apiv2][query] GET https://api.github.com/user [none]
[debug] [2023-08-20T04:46:05.068Z] <<< [apiv2][status] GET https://api.github.com/user 200
[debug] [2023-08-20T04:46:05.068Z] <<< [apiv2][body] GET https://api.github.com/user {"login":"brian-o-mars","id":52781261,"node_id":"MDQ6VXNlcjUyNzgxMjYx","avatar_url":"https://avatars.githubusercontent.com/u/52781261?v=4","gravatar_id":"","url":"https://api.github.com/users/brian-o-mars","html_url":"https://github.com/brian-o-mars","followers_url":"https://api.github.com/users/brian-o-mars/followers","following_url":"https://api.github.com/users/brian-o-mars/following{/other_user}","gists_url":"https://api.github.com/users/brian-o-mars/gists{/gist_id}","starred_url":"https://api.github.com/users/brian-o-mars/starred{/owner}{/repo}","subscriptions_url":"https://api.github.com/users/brian-o-mars/subscriptions","organizations_url":"https://api.github.com/users/brian-o-mars/orgs","repos_url":"https://api.github.com/users/brian-o-mars/repos","events_url":"https://api.github.com/users/brian-o-mars/events{/privacy}","received_events_url":"https://api.github.com/users/brian-o-mars/received_events","type":"User","site_admin":false,"name":"Favour K. Onyido","company":null,"blog":"","location":"Auburn, AL USA","email":"brian.favour@gmail.com","hireable":null,"bio":"MSc Forestry student doing some research in forest biometrics and statistics. Occasional web development hobbyist. Ardent data scientist.","twitter_username":null,"public_repos":30,"public_gists":0,"followers":0,"following":0,"created_at":"2019-07-11T09:24:09Z","updated_at":"2023-07-03T05:14:40Z","private_gists":0,"total_private_repos":1,"owned_private_repos":1,"disk_usage":43249,"collaborators":0,"two_factor_authentication":false,"plan":{"name":"free","space":976562499,"collaborators":0,"private_repos":10000}}
[info] 
[info] +  Success! Logged into GitHub as brian-o-mars 
[info] 
